  Application.cpp
C:\CPP_Team\SNTDataBase\SNTDataBase\src\Core\Application.h(82,45): warning C4244: =: преобразование "unsigned __int64" в "float", возможна потеря данных
C:\CPP_Team\SNTDataBase\SNTDataBase\src\Core\Application.cpp(43,15): warning C4996: 'localtime': This function or variable may be unsafe. Consider using localtime_s instead. To disable deprecation, use _CRT_SECURE_NO_WARNINGS. See online help for details.
C:\CPP_Team\SNTDataBase\SNTDataBase\src\Core\Application.cpp(360,75): warning C4267: аргумент: преобразование из "size_t" в "int"; возможна потеря данных
C:\CPP_Team\SNTDataBase\SNTDataBase\src\Core\Application.cpp(378,75): warning C4267: аргумент: преобразование из "size_t" в "int"; возможна потеря данных
C:\CPP_Team\SNTDataBase\SNTDataBase\src\Core\Application.cpp(386,34): warning C4244: аргумент: преобразование "int" в "float", возможна потеря данных
C:\CPP_Team\SNTDataBase\SNTDataBase\src\Core\Application.cpp(388,37): warning C4267: инициализация: преобразование из "size_t" в "int"; возможна потеря данных
C:\CPP_Team\SNTDataBase\SNTDataBase\src\Core\Application.cpp(553,65): warning C4267: аргумент: преобразование из "size_t" в "int"; возможна потеря данных
C:\CPP_Team\SNTDataBase\SNTDataBase\src\Core\Application.cpp(898,74): warning C4267: аргумент: преобразование из "size_t" в "int"; возможна потеря данных
C:\CPP_Team\SNTDataBase\SNTDataBase\src\Core\Application.cpp(924,75): warning C4267: аргумент: преобразование из "size_t" в "int"; возможна потеря данных
C:\CPP_Team\SNTDataBase\SNTDataBase\src\Core\Application.cpp(857,19): warning C4996: 'localtime': This function or variable may be unsafe. Consider using localtime_s instead. To disable deprecation, use _CRT_SECURE_NO_WARNINGS. See online help for details.
C:\CPP_Team\SNTDataBase\SNTDataBase\src\Core\Application.cpp(990,157): warning C4267: аргумент: преобразование из "size_t" в "int"; возможна потеря данных
C:\CPP_Team\SNTDataBase\SNTDataBase\src\Core\Application.cpp(1061,16): warning C4267: аргумент: преобразование из "size_t" в "int"; возможна потеря данных
C:\CPP_Team\SNTDataBase\SNTDataBase\src\Core\Application.cpp(1186,74): warning C4267: аргумент: преобразование из "size_t" в "int"; возможна потеря данных
C:\CPP_Team\SNTDataBase\SNTDataBase\src\Core\Application.cpp(1210,75): warning C4267: аргумент: преобразование из "size_t" в "int"; возможна потеря данных
C:\CPP_Team\SNTDataBase\SNTDataBase\src\Core\Application.cpp(1262,19): warning C4996: 'localtime': This function or variable may be unsafe. Consider using localtime_s instead. To disable deprecation, use _CRT_SECURE_NO_WARNINGS. See online help for details.
C:\CPP_Team\SNTDataBase\SNTDataBase\src\Core\Application.cpp(1311,13): warning C4996: 'sprintf': This function or variable may be unsafe. Consider using sprintf_s instead. To disable deprecation, use _CRT_SECURE_NO_WARNINGS. See online help for details.
C:\CPP_Team\SNTDataBase\SNTDataBase\src\Core\Application.cpp(1313,13): warning C4996: 'sscanf': This function or variable may be unsafe. Consider using sscanf_s instead. To disable deprecation, use _CRT_SECURE_NO_WARNINGS. See online help for details.
C:\CPP_Team\SNTDataBase\SNTDataBase\src\Core\Application.cpp(1317,17): warning C4996: 'sprintf': This function or variable may be unsafe. Consider using sprintf_s instead. To disable deprecation, use _CRT_SECURE_NO_WARNINGS. See online help for details.
C:\CPP_Team\SNTDataBase\SNTDataBase\src\Core\Application.cpp(1319,17): warning C4996: 'sscanf': This function or variable may be unsafe. Consider using sscanf_s instead. To disable deprecation, use _CRT_SECURE_NO_WARNINGS. See online help for details.
C:\CPP_Team\SNTDataBase\SNTDataBase\src\Core\Application.cpp(1478,74): warning C4267: аргумент: преобразование из "size_t" в "int"; возможна потеря данных
C:\CPP_Team\SNTDataBase\SNTDataBase\src\Core\Application.cpp(1505,75): warning C4267: аргумент: преобразование из "size_t" в "int"; возможна потеря данных
C:\CPP_Team\SNTDataBase\SNTDataBase\src\Core\Application.cpp(1930,78): warning C4267: аргумент: преобразование из "size_t" в "int"; возможна потеря данных
C:\CPP_Team\SNTDataBase\SNTDataBase\src\Core\Application.cpp(1956,79): warning C4267: аргумент: преобразование из "size_t" в "int"; возможна потеря данных
C:\CPP_Team\SNTDataBase\SNTDataBase\src\Core\Application.cpp(2075,74): warning C4267: аргумент: преобразование из "size_t" в "int"; возможна потеря данных
C:\CPP_Team\SNTDataBase\SNTDataBase\src\Core\Application.cpp(2102,75): warning C4267: аргумент: преобразование из "size_t" в "int"; возможна потеря данных
C:\CPP_Team\SNTDataBase\SNTDataBase\src\Core\Application.cpp(2042,19): warning C4996: 'localtime': This function or variable may be unsafe. Consider using localtime_s instead. To disable deprecation, use _CRT_SECURE_NO_WARNINGS. See online help for details.
C:\CPP_Team\SNTDataBase\SNTDataBase\src\Core\Application.cpp(2176,16): warning C4267: аргумент: преобразование из "size_t" в "int"; возможна потеря данных
C:\CPP_Team\SNTDataBase\SNTDataBase\src\Core\Application.cpp(2261,157): warning C4267: аргумент: преобразование из "size_t" в "int"; возможна потеря данных
C:\CPP_Team\SNTDataBase\SNTDataBase\src\Core\Application.cpp(2568,74): warning C4267: аргумент: преобразование из "size_t" в "int"; возможна потеря данных
C:\CPP_Team\SNTDataBase\SNTDataBase\src\Core\Application.cpp(2593,75): warning C4267: аргумент: преобразование из "size_t" в "int"; возможна потеря данных
  SNTDataBase.vcxproj -> C:\CPP_Team\SNTDataBase\bin\Debug-windows-x86_64\SNTDataBase\SNTDataBase.exe
